<?xml version="1.0" encoding="UTF-8"?>
<!-- Generated by org.testng.reporters.JUnitReportReporter -->
<testsuite hostname="telra04mac1233" name="com.cloudelements.userapi.UserApiValidations" tests="2" failures="0" timestamp="1 Dec 2018 08:14:53 GMT" time="1.948" errors="0">
  <testcase name="getUserApiDetails" time="0.007" classname="com.cloudelements.userapi.UserApiValidations"/>
  <testcase name="getUserApiStatusCode" time="1.941" classname="com.cloudelements.userapi.UserApiValidations"/>
</testsuite> <!-- com.cloudelements.userapi.UserApiValidations -->
